python : 2026-03-25 1
7:53:16,579 - INFO - 
开始从 FoxUAI 获取知识库主表...
At line:1 char:1
+ python sync_foxuai.
py > sync.log 2>&1
+ ~~~~~~~~~~~~~~~~~~~
~~~~~~~~~~~~~~~~~~
    + CategoryInfo   
           : NotSpe  
  cified: (2026-03   
 -25 17:5...xUAI     
获取知识库主表...:Strin    g
) [], RemoteExc    ep
tion
    + FullyQualified 
   ErrorId : Native  
  CommandError
 
2026-03-25 17:53:17,7
60 - INFO - HTTP Requ
est: GET https://www.
foxuai.com/api/ind_kn
owledge:list "HTTP/1.
1 200 OK"
2026-03-25 17:53:17,7
62 - INFO - 获取到 1 条知识
库记录。
2026-03-25 17:53:17,7
62 - INFO - 正在处理: 正大天
晴注册案例TQB2858首次人体 (ID:
 355252859633664)
2026-03-25 17:53:19,0
09 - INFO - HTTP Requ
est: GET https://www.
foxuai.com/api/ind_kn
owledge/3552528596336
64/ind_knowledge_file
s:list?appends=file "
HTTP/1.1 200 OK"
2026-03-25 17:53:19,0
11 - INFO -   找到 20 个
关联文件。
2026-03-25 17:53:19,0
12 - INFO -     正在下载:
 TQB2858注射液-1.3.4-临床试
验相关资料-正大天晴药业集团南京顺欣制药有
限公司-lmpz4t.pdf
2026-03-25 17:53:20,1
24 - INFO - HTTP Requ
est: GET https://ind-
knowledge-base.tos-cn
-shanghai.volces.com/
ind-knowledge-base/TQ
B2858%E6%B3%A8%E5%B0%
84%E6%B6%B2-1.3.4-%E4
%B8%B4%E5%BA%8A%E8%AF
%95%E9%AA%8C%E7%9B%B8
%E5%85%B3%E8%B5%84%E6
%96%99-%E6%AD%A3%E5%A
4%A7%E5%A4%A9%E6%99%B
4%E8%8D%AF%E4%B8%9A%E
9%9B%86%E5%9B%A2%E5%8
D%97%E4%BA%AC%E9%A1%B
A%E6%AC%A3%E5%88%B6%E
8%8D%AF%E6%9C%89%E9%9
9%90%E5%85%AC%E5%8F%B
8-lmpz4t.pdf "HTTP/1.
1 400 Bad Request"
2026-03-25 17:53:20,1
26 - ERROR -     下载失败
: TQB2858注射液-1.3.4-临床
试验相关资料-正大天晴药业集团南京顺欣制药
有限公司-lmpz4t.pdf, 错误: 
Client error '400 Bad
 Request' for url 'ht
tps://ind-knowledge-b
ase.tos-cn-shanghai.v
olces.com/ind-knowled
ge-base/TQB2858%E6%B3
%A8%E5%B0%84%E6%B6%B2
-1.3.4-%E4%B8%B4%E5%B
A%8A%E8%AF%95%E9%AA%8
C%E7%9B%B8%E5%85%B3%E
8%B5%84%E6%96%99-%E6%
AD%A3%E5%A4%A7%E5%A4%
A9%E6%99%B4%E8%8D%AF%
E4%B8%9A%E9%9B%86%E5%
9B%A2%E5%8D%97%E4%BA%
AC%E9%A1%BA%E6%AC%A3%
E5%88%B6%E8%8D%AF%E6%
9C%89%E9%99%90%E5%85%
AC%E5%8F%B8-lmpz4t.pd
f'
For more information 
check: https://develo
per.mozilla.org/en-US
/docs/Web/HTTP/Status
/400
2026-03-25 17:53:20,1
27 - INFO -     正在下载:
 TQB2858注射液-1.3.1.2.上
市药品说明书及修订说明-正大天晴药业集团南
京顺欣制药有限公司-cpdvu7.pdf
2026-03-25 17:53:21,2
10 - INFO - HTTP Requ
est: GET https://ind-
knowledge-base.tos-cn
-shanghai.volces.com/
ind-knowledge-base/TQ
B2858%E6%B3%A8%E5%B0%
84%E6%B6%B2-1.3.1.2.%
E4%B8%8A%E5%B8%82%E8%
8D%AF%E5%93%81%E8%AF%
B4%E6%98%8E%E4%B9%A6%
E5%8F%8A%E4%BF%AE%E8%
AE%A2%E8%AF%B4%E6%98%
8E-%E6%AD%A3%E5%A4%A7
%E5%A4%A9%E6%99%B4%E8
%8D%AF%E4%B8%9A%E9%9B
%86%E5%9B%A2%E5%8D%97
%E4%BA%AC%E9%A1%BA%E6
%AC%A3%E5%88%B6%E8%8D
%AF%E6%9C%89%E9%99%90
%E5%85%AC%E5%8F%B8-cp
dvu7.pdf "HTTP/1.1 40
0 Bad Request"
2026-03-25 17:53:21,2
10 - ERROR -     下载失败
: TQB2858注射液-1.3.1.2.
上市药品说明书及修订说明-正大天晴药业集团
南京顺欣制药有限公司-cpdvu7.pdf
, 错误: Client error '4
00 Bad Request' for u
rl 'https://ind-knowl
edge-base.tos-cn-shan
ghai.volces.com/ind-k
nowledge-base/TQB2858
%E6%B3%A8%E5%B0%84%E6
%B6%B2-1.3.1.2.%E4%B8
%8A%E5%B8%82%E8%8D%AF
%E5%93%81%E8%AF%B4%E6
%98%8E%E4%B9%A6%E5%8F
%8A%E4%BF%AE%E8%AE%A2
%E8%AF%B4%E6%98%8E-%E
6%AD%A3%E5%A4%A7%E5%A
4%A9%E6%99%B4%E8%8D%A
F%E4%B8%9A%E9%9B%86%E
5%9B%A2%E5%8D%97%E4%B
A%AC%E9%A1%BA%E6%AC%A
3%E5%88%B6%E8%8D%AF%E
6%9C%89%E9%99%90%E5%8
5%AC%E5%8F%B8-cpdvu7.
pdf'
For more information 
check: https://develo
per.mozilla.org/en-US
/docs/Web/HTTP/Status
/400
2026-03-25 17:53:21,2
13 - INFO -     正在下载:
 TQB2858注射液-1.7.临床试验过
程管理信息-正大天晴药业集团南京顺欣制药有
限公司-vi6hnh.pdf
2026-03-25 17:53:22,3
83 - INFO - HTTP Requ
est: GET https://ind-
knowledge-base.tos-cn
-shanghai.volces.com/
ind-knowledge-base/TQ
B2858%E6%B3%A8%E5%B0%
84%E6%B6%B2-1.7.%E4%B
8%B4%E5%BA%8A%E8%AF%9
5%E9%AA%8C%E8%BF%87%E
7%A8%8B%E7%AE%A1%E7%9
0%86%E4%BF%A1%E6%81%A
F-%E6%AD%A3%E5%A4%A7%
E5%A4%A9%E6%99%B4%E8%
8D%AF%E4%B8%9A%E9%9B%
86%E5%9B%A2%E5%8D%97%
E4%BA%AC%E9%A1%BA%E6%
AC%A3%E5%88%B6%E8%8D%
AF%E6%9C%89%E9%99%90%
E5%85%AC%E5%8F%B8-vi6
hnh.pdf "HTTP/1.1 400
 Bad Request"
2026-03-25 17:53:22,3
83 - ERROR -     下载失败
: TQB2858注射液-1.7.临床试验
过程管理信息-正大天晴药业集团南京顺欣制药
有限公司-vi6hnh.pdf, 错误: 
Client error '400 Bad
 Request' for url 'ht
tps://ind-knowledge-b
ase.tos-cn-shanghai.v
olces.com/ind-knowled
ge-base/TQB2858%E6%B3
%A8%E5%B0%84%E6%B6%B2
-1.7.%E4%B8%B4%E5%BA%
8A%E8%AF%95%E9%AA%8C%
E8%BF%87%E7%A8%8B%E7%
AE%A1%E7%90%86%E4%BF%
A1%E6%81%AF-%E6%AD%A3
%E5%A4%A7%E5%A4%A9%E6
%99%B4%E8%8D%AF%E4%B8
%9A%E9%9B%86%E5%9B%A2
%E5%8D%97%E4%BA%AC%E9
%A1%BA%E6%AC%A3%E5%88
%B6%E8%8D%AF%E6%9C%89
%E9%99%90%E5%85%AC%E5
%8F%B8-vi6hnh.pdf'
For more information 
check: https://develo
per.mozilla.org/en-US
/docs/Web/HTTP/Status
/400
2026-03-25 17:53:22,3
84 - INFO -     正在下载:
 TQB2858注射液-1.8.药物警戒与
风险管理-正大天晴药业集团南京顺欣制药有限
公司-c2cgp8.pdf
2026-03-25 17:53:23,7
63 - INFO - HTTP Requ
est: GET https://ind-
knowledge-base.tos-cn
-shanghai.volces.com/
ind-knowledge-base/TQ
B2858%E6%B3%A8%E5%B0%
84%E6%B6%B2-1.8.%E8%8
D%AF%E7%89%A9%E8%AD%A
6%E6%88%92%E4%B8%8E%E
9%A3%8E%E9%99%A9%E7%A
E%A1%E7%90%86-%E6%AD%
A3%E5%A4%A7%E5%A4%A9%
E6%99%B4%E8%8D%AF%E4%
B8%9A%E9%9B%86%E5%9B%
A2%E5%8D%97%E4%BA%AC%
E9%A1%BA%E6%AC%A3%E5%
88%B6%E8%8D%AF%E6%9C%
89%E9%99%90%E5%85%AC%
E5%8F%B8-c2cgp8.pdf "
HTTP/1.1 400 Bad Requ
est"
2026-03-25 17:53:23,7
64 - ERROR -     下载失败
: TQB2858注射液-1.8.药物警戒
与风险管理-正大天晴药业集团南京顺欣制药有
限公司-c2cgp8.pdf, 错误: C
lient error '400 Bad 
Request' for url 'htt
ps://ind-knowledge-ba
se.tos-cn-shanghai.vo
lces.com/ind-knowledg
e-base/TQB2858%E6%B3%
A8%E5%B0%84%E6%B6%B2-
1.8.%E8%8D%AF%E7%89%A
9%E8%AD%A6%E6%88%92%E
4%B8%8E%E9%A3%8E%E9%9
9%A9%E7%AE%A1%E7%90%8
6-%E6%AD%A3%E5%A4%A7%
E5%A4%A9%E6%99%B4%E8%
8D%AF%E4%B8%9A%E9%9B%
86%E5%9B%A2%E5%8D%97%
E4%BA%AC%E9%A1%BA%E6%
AC%A3%E5%88%B6%E8%8D%
AF%E6%9C%89%E9%99%90%
E5%85%AC%E5%8F%B8-c2c
gp8.pdf'
For more information 
check: https://develo
per.mozilla.org/en-US
/docs/Web/HTTP/Status
/400
2026-03-25 17:53:23,7
65 - INFO -     正在下载:
 TQB2858注射液-2.5.临床综述-
正大天晴药业集团南京顺欣制药有限公司-0a
sgmr.pdf
2026-03-25 17:53:24,9
03 - INFO - HTTP Requ
est: GET https://ind-
knowledge-base.tos-cn
-shanghai.volces.com/
ind-knowledge-base/TQ
B2858%E6%B3%A8%E5%B0%
84%E6%B6%B2-2.5.%E4%B
8%B4%E5%BA%8A%E7%BB%B
C%E8%BF%B0-%E6%AD%A3%
E5%A4%A7%E5%A4%A9%E6%
99%B4%E8%8D%AF%E4%B8%
9A%E9%9B%86%E5%9B%A2%
E5%8D%97%E4%BA%AC%E9%
A1%BA%E6%AC%A3%E5%88%
B6%E8%8D%AF%E6%9C%89%
E9%99%90%E5%85%AC%E5%
8F%B8-0asgmr.pdf "HTT
P/1.1 400 Bad Request
"
2026-03-25 17:53:24,9
03 - ERROR -     下载失败
: TQB2858注射液-2.5.临床综述
-正大天晴药业集团南京顺欣制药有限公司-0
asgmr.pdf, 错误: Client
 error '400 Bad Reque
st' for url 'https://
ind-knowledge-base.to
s-cn-shanghai.volces.
com/ind-knowledge-bas
e/TQB2858%E6%B3%A8%E5
%B0%84%E6%B6%B2-2.5.%
E4%B8%B4%E5%BA%8A%E7%
BB%BC%E8%BF%B0-%E6%AD
%A3%E5%A4%A7%E5%A4%A9
%E6%99%B4%E8%8D%AF%E4
%B8%9A%E9%9B%86%E5%9B
%A2%E5%8D%97%E4%BA%AC
%E9%A1%BA%E6%AC%A3%E5
%88%B6%E8%8D%AF%E6%9C
%89%E9%99%90%E5%85%AC
%E5%8F%B8-0asgmr.pdf'
For more information 
check: https://develo
per.mozilla.org/en-US
/docs/Web/HTTP/Status
/400
2026-03-25 17:53:24,9
05 - INFO -     正在下载:
 TQB2858注射液-2.7.临床总结-
正大天晴药业集团南京顺欣制药有限公司-1k
u1eg.pdf
2026-03-25 17:53:26,1
52 - INFO - HTTP Requ
est: GET https://ind-
knowledge-base.tos-cn
-shanghai.volces.com/
ind-knowledge-base/TQ
B2858%E6%B3%A8%E5%B0%
84%E6%B6%B2-2.7.%E4%B
8%B4%E5%BA%8A%E6%80%B
B%E7%BB%93-%E6%AD%A3%
E5%A4%A7%E5%A4%A9%E6%
99%B4%E8%8D%AF%E4%B8%
9A%E9%9B%86%E5%9B%A2%
E5%8D%97%E4%BA%AC%E9%
A1%BA%E6%AC%A3%E5%88%
B6%E8%8D%AF%E6%9C%89%
E9%99%90%E5%85%AC%E5%
8F%B8-1ku1eg.pdf "HTT
P/1.1 400 Bad Request
"
2026-03-25 17:53:26,1
52 - ERROR -     下载失败
: TQB2858注射液-2.7.临床总结
-正大天晴药业集团南京顺欣制药有限公司-1
ku1eg.pdf, 错误: Client
 error '400 Bad Reque
st' for url 'https://
ind-knowledge-base.to
s-cn-shanghai.volces.
com/ind-knowledge-bas
e/TQB2858%E6%B3%A8%E5
%B0%84%E6%B6%B2-2.7.%
E4%B8%B4%E5%BA%8A%E6%
80%BB%E7%BB%93-%E6%AD
%A3%E5%A4%A7%E5%A4%A9
%E6%99%B4%E8%8D%AF%E4
%B8%9A%E9%9B%86%E5%9B
%A2%E5%8D%97%E4%BA%AC
%E9%A1%BA%E6%AC%A3%E5
%88%B6%E8%8D%AF%E6%9C
%89%E9%99%90%E5%85%AC
%E5%8F%B8-1ku1eg.pdf'
For more information 
check: https://develo
per.mozilla.org/en-US
/docs/Web/HTTP/Status
/400
2026-03-25 17:53:26,1
53 - INFO -     正在下载:
 2.4 TQB2858 非临床试验综述-
odu5p5.docx
2026-03-25 17:53:27,3
52 - INFO - HTTP Requ
est: GET https://ind-
knowledge-base.tos-cn
-shanghai.volces.com/
ind-knowledge-base/2.
4%20TQB2858%20%E9%9D%
9E%E4%B8%B4%E5%BA%8A%
E8%AF%95%E9%AA%8C%E7%
BB%BC%E8%BF%B0-odu5p5
.docx "HTTP/1.1 400 B
ad Request"
2026-03-25 17:53:27,3
53 - ERROR -     下载失败
: 2.4 TQB2858 非临床试验综述
-odu5p5.docx, 错误: Cli
ent error '400 Bad Re
quest' for url 'https
://ind-knowledge-base
.tos-cn-shanghai.volc
es.com/ind-knowledge-
base/2.4%20TQB2858%20
%E9%9D%9E%E4%B8%B4%E5
%BA%8A%E8%AF%95%E9%AA
%8C%E7%BB%BC%E8%BF%B0
-odu5p5.docx'
For more information 
check: https://develo
per.mozilla.org/en-US
/docs/Web/HTTP/Status
/400
2026-03-25 17:53:27,3
55 - INFO -     正在下载:
 2.6.1 TQB2858 前言-ycf
dz8.docx
2026-03-25 17:53:28,5
76 - INFO - HTTP Requ
est: GET https://ind-
knowledge-base.tos-cn
-shanghai.volces.com/
ind-knowledge-base/2.
6.1%20TQB2858%20%E5%8
9%8D%E8%A8%80-ycfdz8.
docx "HTTP/1.1 400 Ba
d Request"
2026-03-25 17:53:28,5
77 - ERROR -     下载失败
: 2.6.1 TQB2858 前言-yc
fdz8.docx, 错误: Client
 error '400 Bad Reque
st' for url 'https://
ind-knowledge-base.to
s-cn-shanghai.volces.
com/ind-knowledge-bas
e/2.6.1%20TQB2858%20%
E5%89%8D%E8%A8%80-ycf
dz8.docx'
For more information 
check: https://develo
per.mozilla.org/en-US
/docs/Web/HTTP/Status
/400
2026-03-25 17:53:28,5
78 - INFO -     正在下载:
 2.6.2 TQB2858 药理学文字总
结-l963rz.docx
2026-03-25 17:53:29,6
49 - INFO - HTTP Requ
est: GET https://ind-
knowledge-base.tos-cn
-shanghai.volces.com/
ind-knowledge-base/2.
6.2%20TQB2858%20%E8%8
D%AF%E7%90%86%E5%AD%A
6%E6%96%87%E5%AD%97%E
6%80%BB%E7%BB%93-l963
rz.docx "HTTP/1.1 400
 Bad Request"
2026-03-25 17:53:29,6
50 - ERROR -     下载失败
: 2.6.2 TQB2858 药理学文字
总结-l963rz.docx, 错误: C
lient error '400 Bad 
Request' for url 'htt
ps://ind-knowledge-ba
se.tos-cn-shanghai.vo
lces.com/ind-knowledg
e-base/2.6.2%20TQB285
8%20%E8%8D%AF%E7%90%8
6%E5%AD%A6%E6%96%87%E
5%AD%97%E6%80%BB%E7%B
B%93-l963rz.docx'
For more information 
check: https://develo
per.mozilla.org/en-US
/docs/Web/HTTP/Status
/400
2026-03-25 17:53:29,6
51 - INFO -     正在下载:
 2.6.3 TQB2858 药理学列表总
结-a8sx0e.docx
2026-03-25 17:53:30,6
70 - INFO - HTTP Requ
est: GET https://ind-
knowledge-base.tos-cn
-shanghai.volces.com/
ind-knowledge-base/2.
6.3%20TQB2858%20%E8%8
D%AF%E7%90%86%E5%AD%A
6%E5%88%97%E8%A1%A8%E
6%80%BB%E7%BB%93-a8sx
0e.docx "HTTP/1.1 400
 Bad Request"
2026-03-25 17:53:30,6
71 - ERROR -     下载失败
: 2.6.3 TQB2858 药理学列表
总结-a8sx0e.docx, 错误: C
lient error '400 Bad 
Request' for url 'htt
ps://ind-knowledge-ba
se.tos-cn-shanghai.vo
lces.com/ind-knowledg
e-base/2.6.3%20TQB285
8%20%E8%8D%AF%E7%90%8
6%E5%AD%A6%E5%88%97%E
8%A1%A8%E6%80%BB%E7%B
B%93-a8sx0e.docx'
For more information 
check: https://develo
per.mozilla.org/en-US
/docs/Web/HTTP/Status
/400
2026-03-25 17:53:30,6
71 - INFO -     正在下载:
 2.6.4 TQB2858 药代动力学文
字总结-efky4z.docx
2026-03-25 17:53:31,7
70 - INFO - HTTP Requ
est: GET https://ind-
knowledge-base.tos-cn
-shanghai.volces.com/
ind-knowledge-base/2.
6.4%20TQB2858%20%E8%8
D%AF%E4%BB%A3%E5%8A%A
8%E5%8A%9B%E5%AD%A6%E
6%96%87%E5%AD%97%E6%8
0%BB%E7%BB%93-efky4z.
docx "HTTP/1.1 400 Ba
d Request"
2026-03-25 17:53:31,7
70 - ERROR -     下载失败
: 2.6.4 TQB2858 药代动力学
文字总结-efky4z.docx, 错误:
 Client error '400 Ba
d Request' for url 'h
ttps://ind-knowledge-
base.tos-cn-shanghai.
volces.com/ind-knowle
dge-base/2.6.4%20TQB2
858%20%E8%8D%AF%E4%BB
%A3%E5%8A%A8%E5%8A%9B
%E5%AD%A6%E6%96%87%E5
%AD%97%E6%80%BB%E7%BB
%93-efky4z.docx'
For more information 
check: https://develo
per.mozilla.org/en-US
/docs/Web/HTTP/Status
/400
2026-03-25 17:53:31,7
72 - INFO -     正在下载:
 2.6.5 TQB2858 药代动力学列
表总结-3nc7uo.docx
2026-03-25 17:53:32,8
36 - INFO - HTTP Requ
est: GET https://ind-
knowledge-base.tos-cn
-shanghai.volces.com/
ind-knowledge-base/2.
6.5%20TQB2858%20%E8%8
D%AF%E4%BB%A3%E5%8A%A
8%E5%8A%9B%E5%AD%A6%E
5%88%97%E8%A1%A8%E6%8
0%BB%E7%BB%93-3nc7uo.
docx "HTTP/1.1 400 Ba
d Request"
2026-03-25 17:53:32,8
36 - ERROR -     下载失败
: 2.6.5 TQB2858 药代动力学
列表总结-3nc7uo.docx, 错误:
 Client error '400 Ba
d Request' for url 'h
ttps://ind-knowledge-
base.tos-cn-shanghai.
volces.com/ind-knowle
dge-base/2.6.5%20TQB2
858%20%E8%8D%AF%E4%BB
%A3%E5%8A%A8%E5%8A%9B
%E5%AD%A6%E5%88%97%E8
%A1%A8%E6%80%BB%E7%BB
%93-3nc7uo.docx'
For more information 
check: https://develo
per.mozilla.org/en-US
/docs/Web/HTTP/Status
/400
2026-03-25 17:53:32,8
38 - INFO -     正在下载:
 2.6.6 TQB2858 毒理学文字总
结-xkrbsp.docx
2026-03-25 17:53:33,9
28 - INFO - HTTP Requ
est: GET https://ind-
knowledge-base.tos-cn
-shanghai.volces.com/
ind-knowledge-base/2.
6.6%20TQB2858%20%E6%A
F%92%E7%90%86%E5%AD%A
6%E6%96%87%E5%AD%97%E
6%80%BB%E7%BB%93-xkrb
sp.docx "HTTP/1.1 400
 Bad Request"
2026-03-25 17:53:33,9
28 - ERROR -     下载失败
: 2.6.6 TQB2858 毒理学文字
总结-xkrbsp.docx, 错误: C
lient error '400 Bad 
Request' for url 'htt
ps://ind-knowledge-ba
se.tos-cn-shanghai.vo
lces.com/ind-knowledg
e-base/2.6.6%20TQB285
8%20%E6%AF%92%E7%90%8
6%E5%AD%A6%E6%96%87%E
5%AD%97%E6%80%BB%E7%B
B%93-xkrbsp.docx'
For more information 
check: https://develo
per.mozilla.org/en-US
/docs/Web/HTTP/Status
/400
2026-03-25 17:53:33,9
30 - INFO -     正在下载:
 TQB2858注射液-2.5.临床综述-
正大天晴药业集团南京顺欣制药有限公司-2l
i5x4.pdf
2026-03-25 17:53:35,0
09 - INFO - HTTP Requ
est: GET https://ind-
knowledge-base.tos-cn
-shanghai.volces.com/
ind-knowledge-base/TQ
B2858%E6%B3%A8%E5%B0%
84%E6%B6%B2-2.5.%E4%B
8%B4%E5%BA%8A%E7%BB%B
C%E8%BF%B0-%E6%AD%A3%
E5%A4%A7%E5%A4%A9%E6%
99%B4%E8%8D%AF%E4%B8%
9A%E9%9B%86%E5%9B%A2%
E5%8D%97%E4%BA%AC%E9%
A1%BA%E6%AC%A3%E5%88%
B6%E8%8D%AF%E6%9C%89%
E9%99%90%E5%85%AC%E5%
8F%B8-2li5x4.pdf "HTT
P/1.1 400 Bad Request
"
2026-03-25 17:53:35,0
09 - ERROR -     下载失败
: TQB2858注射液-2.5.临床综述
-正大天晴药业集团南京顺欣制药有限公司-2
li5x4.pdf, 错误: Client
 error '400 Bad Reque
st' for url 'https://
ind-knowledge-base.to
s-cn-shanghai.volces.
com/ind-knowledge-bas
e/TQB2858%E6%B3%A8%E5
%B0%84%E6%B6%B2-2.5.%
E4%B8%B4%E5%BA%8A%E7%
BB%BC%E8%BF%B0-%E6%AD
%A3%E5%A4%A7%E5%A4%A9
%E6%99%B4%E8%8D%AF%E4
%B8%9A%E9%9B%86%E5%9B
%A2%E5%8D%97%E4%BA%AC
%E9%A1%BA%E6%AC%A3%E5
%88%B6%E8%8D%AF%E6%9C
%89%E9%99%90%E5%85%AC
%E5%8F%B8-2li5x4.pdf'
For more information 
check: https://develo
per.mozilla.org/en-US
/docs/Web/HTTP/Status
/400
2026-03-25 17:53:35,0
10 - INFO -     正在下载:
 TQB2858注射液-2.7.临床总结-
正大天晴药业集团南京顺欣制药有限公司-hk
j5qe.pdf
2026-03-25 17:53:36,1
12 - INFO - HTTP Requ
est: GET https://ind-
knowledge-base.tos-cn
-shanghai.volces.com/
ind-knowledge-base/TQ
B2858%E6%B3%A8%E5%B0%
84%E6%B6%B2-2.7.%E4%B
8%B4%E5%BA%8A%E6%80%B
B%E7%BB%93-%E6%AD%A3%
E5%A4%A7%E5%A4%A9%E6%
99%B4%E8%8D%AF%E4%B8%
9A%E9%9B%86%E5%9B%A2%
E5%8D%97%E4%BA%AC%E9%
A1%BA%E6%AC%A3%E5%88%
B6%E8%8D%AF%E6%9C%89%
E9%99%90%E5%85%AC%E5%
8F%B8-hkj5qe.pdf "HTT
P/1.1 400 Bad Request
"
2026-03-25 17:53:36,1
12 - ERROR -     下载失败
: TQB2858注射液-2.7.临床总结
-正大天晴药业集团南京顺欣制药有限公司-h
kj5qe.pdf, 错误: Client
 error '400 Bad Reque
st' for url 'https://
ind-knowledge-base.to
s-cn-shanghai.volces.
com/ind-knowledge-bas
e/TQB2858%E6%B3%A8%E5
%B0%84%E6%B6%B2-2.7.%
E4%B8%B4%E5%BA%8A%E6%
80%BB%E7%BB%93-%E6%AD
%A3%E5%A4%A7%E5%A4%A9
%E6%99%B4%E8%8D%AF%E4
%B8%9A%E9%9B%86%E5%9B
%A2%E5%8D%97%E4%BA%AC
%E9%A1%BA%E6%AC%A3%E5
%88%B6%E8%8D%AF%E6%9C
%89%E9%99%90%E5%85%AC
%E5%8F%B8-hkj5qe.pdf'
For more information 
check: https://develo
per.mozilla.org/en-US
/docs/Web/HTTP/Status
/400
2026-03-25 17:53:36,1
13 - INFO -     正在下载:
 2.1-通用技术文档目录-正大天晴药业集
团南京顺欣制药有限公司-ct879t.do
c
2026-03-25 17:53:37,1
87 - INFO - HTTP Requ
est: GET https://ind-
knowledge-base.tos-cn
-shanghai.volces.com/
ind-knowledge-base/2.
1-%E9%80%9A%E7%94%A8%
E6%8A%80%E6%9C%AF%E6%
96%87%E6%A1%A3%E7%9B%
AE%E5%BD%95-%E6%AD%A3
%E5%A4%A7%E5%A4%A9%E6
%99%B4%E8%8D%AF%E4%B8
%9A%E9%9B%86%E5%9B%A2
%E5%8D%97%E4%BA%AC%E9
%A1%BA%E6%AC%A3%E5%88
%B6%E8%8D%AF%E6%9C%89
%E9%99%90%E5%85%AC%E5
%8F%B8-ct879t.doc "HT
TP/1.1 400 Bad Reques
t"
2026-03-25 17:53:37,1
87 - ERROR -     下载失败
: 2.1-通用技术文档目录-正大天晴药业
集团南京顺欣制药有限公司-ct879t.d
oc, 错误: Client error 
'400 Bad Request' for
 url 'https://ind-kno
wledge-base.tos-cn-sh
anghai.volces.com/ind
-knowledge-base/2.1-%
E9%80%9A%E7%94%A8%E6%
8A%80%E6%9C%AF%E6%96%
87%E6%A1%A3%E7%9B%AE%
E5%BD%95-%E6%AD%A3%E5
%A4%A7%E5%A4%A9%E6%99
%B4%E8%8D%AF%E4%B8%9A
%E9%9B%86%E5%9B%A2%E5
%8D%97%E4%BA%AC%E9%A1
%BA%E6%AC%A3%E5%88%B6
%E8%8D%AF%E6%9C%89%E9
%99%90%E5%85%AC%E5%8F
%B8-ct879t.doc'
For more information 
check: https://develo
per.mozilla.org/en-US
/docs/Web/HTTP/Status
/400
2026-03-25 17:53:37,1
89 - INFO -     正在下载:
 2.2-CTD前言-正大天晴药业集团南京
顺欣制药有限公司-4h8ivk.docx
2026-03-25 17:53:38,3
77 - INFO - HTTP Requ
est: GET https://ind-
knowledge-base.tos-cn
-shanghai.volces.com/
ind-knowledge-base/2.
2-CTD%E5%89%8D%E8%A8%
80-%E6%AD%A3%E5%A4%A7
%E5%A4%A9%E6%99%B4%E8
%8D%AF%E4%B8%9A%E9%9B
%86%E5%9B%A2%E5%8D%97
%E4%BA%AC%E9%A1%BA%E6
%AC%A3%E5%88%B6%E8%8D
%AF%E6%9C%89%E9%99%90
%E5%85%AC%E5%8F%B8-4h
8ivk.docx "HTTP/1.1 4
00 Bad Request"
2026-03-25 17:53:38,3
77 - ERROR -     下载失败
: 2.2-CTD前言-正大天晴药业集团南
京顺欣制药有限公司-4h8ivk.docx
, 错误: Client error '4
00 Bad Request' for u
rl 'https://ind-knowl
edge-base.tos-cn-shan
ghai.volces.com/ind-k
nowledge-base/2.2-CTD
%E5%89%8D%E8%A8%80-%E
6%AD%A3%E5%A4%A7%E5%A
4%A9%E6%99%B4%E8%8D%A
F%E4%B8%9A%E9%9B%86%E
5%9B%A2%E5%8D%97%E4%B
A%AC%E9%A1%BA%E6%AC%A
3%E5%88%B6%E8%8D%AF%E
6%9C%89%E9%99%90%E5%8
5%AC%E5%8F%B8-4h8ivk.
docx'
For more information 
check: https://develo
per.mozilla.org/en-US
/docs/Web/HTTP/Status
/400
2026-03-25 17:53:38,3
79 - INFO -     正在下载:
 引言-正大天晴药业集团南京顺欣制药有限公
司-bfnrsw.docx
2026-03-25 17:53:39,4
66 - INFO - HTTP Requ
est: GET https://ind-
knowledge-base.tos-cn
-shanghai.volces.com/
ind-knowledge-base/%E
5%BC%95%E8%A8%80-%E6%
AD%A3%E5%A4%A7%E5%A4%
A9%E6%99%B4%E8%8D%AF%
E4%B8%9A%E9%9B%86%E5%
9B%A2%E5%8D%97%E4%BA%
AC%E9%A1%BA%E6%AC%A3%
E5%88%B6%E8%8D%AF%E6%
9C%89%E9%99%90%E5%85%
AC%E5%8F%B8-bfnrsw.do
cx "HTTP/1.1 400 Bad 
Request"
2026-03-25 17:53:39,4
66 - ERROR -     下载失败
: 引言-正大天晴药业集团南京顺欣制药有限
公司-bfnrsw.docx, 错误: C
lient error '400 Bad 
Request' for url 'htt
ps://ind-knowledge-ba
se.tos-cn-shanghai.vo
lces.com/ind-knowledg
e-base/%E5%BC%95%E8%A
8%80-%E6%AD%A3%E5%A4%
A7%E5%A4%A9%E6%99%B4%
E8%8D%AF%E4%B8%9A%E9%
9B%86%E5%9B%A2%E5%8D%
97%E4%BA%AC%E9%A1%BA%
E6%AC%A3%E5%88%B6%E8%
8D%AF%E6%9C%89%E9%99%
90%E5%85%AC%E5%8F%B8-
bfnrsw.docx'
For more information 
check: https://develo
per.mozilla.org/en-US
/docs/Web/HTTP/Status
/400
2026-03-25 17:53:39,4
67 - INFO -     正在下载:
 2.3.P.1-剂型及产品组成-正大天晴
药业集团南京顺欣制药有限公司-8nxvfm
.docx
2026-03-25 17:53:40,6
48 - INFO - HTTP Requ
est: GET https://ind-
knowledge-base.tos-cn
-shanghai.volces.com/
ind-knowledge-base/2.
3.P.1-%E5%89%82%E5%9E
%8B%E5%8F%8A%E4%BA%A7
%E5%93%81%E7%BB%84%E6
%88%90-%E6%AD%A3%E5%A
4%A7%E5%A4%A9%E6%99%B
4%E8%8D%AF%E4%B8%9A%E
9%9B%86%E5%9B%A2%E5%8
D%97%E4%BA%AC%E9%A1%B
A%E6%AC%A3%E5%88%B6%E
8%8D%AF%E6%9C%89%E9%9
9%90%E5%85%AC%E5%8F%B
8-8nxvfm.docx "HTTP/1
.1 400 Bad Request"
2026-03-25 17:53:40,6
48 - ERROR -     下载失败
: 2.3.P.1-剂型及产品组成-正大天
晴药业集团南京顺欣制药有限公司-8nxvf
m.docx, 错误: Client er
ror '400 Bad Request'
 for url 'https://ind
-knowledge-base.tos-c
n-shanghai.volces.com
/ind-knowledge-base/2
.3.P.1-%E5%89%82%E5%9
E%8B%E5%8F%8A%E4%BA%A
7%E5%93%81%E7%BB%84%E
6%88%90-%E6%AD%A3%E5%
A4%A7%E5%A4%A9%E6%99%
B4%E8%8D%AF%E4%B8%9A%
E9%9B%86%E5%9B%A2%E5%
8D%97%E4%BA%AC%E9%A1%
BA%E6%AC%A3%E5%88%B6%
E8%8D%AF%E6%9C%89%E9%
99%90%E5%85%AC%E5%8F%
B8-8nxvfm.docx'
For more information 
check: https://develo
per.mozilla.org/en-US
/docs/Web/HTTP/Status
/400
2026-03-25 17:53:40,6
49 - INFO -     正在下载:
 2.3.P.2-产品开发-正大天晴药业集
团南京顺欣制药有限公司-yi6ofe.do
cx
2026-03-25 17:53:41,7
37 - INFO - HTTP Requ
est: GET https://ind-
knowledge-base.tos-cn
-shanghai.volces.com/
ind-knowledge-base/2.
3.P.2-%E4%BA%A7%E5%93
%81%E5%BC%80%E5%8F%91
-%E6%AD%A3%E5%A4%A7%E
5%A4%A9%E6%99%B4%E8%8
D%AF%E4%B8%9A%E9%9B%8
6%E5%9B%A2%E5%8D%97%E
4%BA%AC%E9%A1%BA%E6%A
C%A3%E5%88%B6%E8%8D%A
F%E6%9C%89%E9%99%90%E
5%85%AC%E5%8F%B8-yi6o
fe.docx "HTTP/1.1 400
 Bad Request"
2026-03-25 17:53:41,7
38 - ERROR -     下载失败
: 2.3.P.2-产品开发-正大天晴药业
集团南京顺欣制药有限公司-yi6ofe.d
ocx, 错误: Client error
 '400 Bad Request' fo
r url 'https://ind-kn
owledge-base.tos-cn-s
hanghai.volces.com/in
d-knowledge-base/2.3.
P.2-%E4%BA%A7%E5%93%8
1%E5%BC%80%E5%8F%91-%
E6%AD%A3%E5%A4%A7%E5%
A4%A9%E6%99%B4%E8%8D%
AF%E4%B8%9A%E9%9B%86%
E5%9B%A2%E5%8D%97%E4%
BA%AC%E9%A1%BA%E6%AC%
A3%E5%88%B6%E8%8D%AF%
E6%9C%89%E9%99%90%E5%
85%AC%E5%8F%B8-yi6ofe
.docx'
For more information 
check: https://develo
per.mozilla.org/en-US
/docs/Web/HTTP/Status
/400
